LinkedLists: 
0.037
0.148
0.341
0.605
0.975
1.4
2.033
2.585
3.441
4.37
5.867
6.965
8.213
9.814
11.207
12.988
15.684
16.886
18.972
21.196
23.413
26.073
28.615
32.16
34.725
39.711
40.032
44.826
49.279
50.345
57.784
57.501
62.155
67.34
68.951
74.872
78.568
82.041
86.563
95.122
101.946
109.148
110.243
112.97200000000001
121.992
127.223
129.889
139.96
154.472
[0.037, 0.148, 0.341, 0.605, 0.975, 1.4, 2.033, 2.585, 3.441, 4.37, 5.867, 6.965, 8.213, 9.814, 11.207, 12.988, 15.684, 16.886, 18.972, 21.196, 23.413, 26.073, 28.615, 32.16, 34.725, 39.711, 40.032, 44.826, 49.279, 50.345, 57.784, 57.501, 62.155, 67.34, 68.951, 74.872, 78.568, 82.041, 86.563, 95.122, 101.946, 109.148, 110.243, 112.97200000000001, 121.992, 127.223, 129.889, 139.96, 154.472]
Vectors: 
0.002
0.003
0.004
0.006
0.007
0.016
0.02
0.013
0.024
0.02
0.024
0.028
0.033
0.066
0.043
0.049
0.093
0.062
0.07
0.077
0.085
0.093
0.104
0.119
0.121
0.131
0.143
0.154
0.163
0.175
0.19
0.199
0.214
0.256
0.246
0.251
0.268
0.281
0.3
0.313
0.329
0.345
0.368
0.386
0.404
0.423
0.437
0.455
0.482
[0.002, 0.003, 0.004, 0.006, 0.007, 0.016, 0.02, 0.013, 0.024, 0.02, 0.024, 0.028, 0.033, 0.066, 0.043, 0.049, 0.093, 0.062, 0.07, 0.077, 0.085, 0.093, 0.104, 0.119, 0.121, 0.131, 0.143, 0.154, 0.163, 0.175, 0.19, 0.199, 0.214, 0.256, 0.246, 0.251, 0.268, 0.281, 0.3, 0.313, 0.329, 0.345, 0.368, 0.386, 0.404, 0.423, 0.437, 0.455, 0.482]
